==22889== Memcheck, a memory error detector
==22889== Copyright (C) 2002-2015, and GNU GPL'd, by Julian Seward et al.
==22889== Using Valgrind-3.11.0 and LibVEX; rerun with -h for copyright info
==22889== Command: /tmp/tmppld2zvw2/proj1wk1_func nohousehere /comp/11/files/proj1wk1/just_houses.testdata
==22889== Parent PID: 22880
==22889== 
==22889== 
==22889== HEAP SUMMARY:
==22889==     in use at exit: 72,704 bytes in 1 blocks
==22889==   total heap usage: 6 allocs, 5 frees, 81,611 bytes allocated
==22889== 
==22889== LEAK SUMMARY:
==22889==    definitely lost: 0 bytes in 0 blocks
==22889==    indirectly lost: 0 bytes in 0 blocks
==22889==      possibly lost: 0 bytes in 0 blocks
==22889==    still reachable: 72,704 bytes in 1 blocks
==22889==         suppressed: 0 bytes in 0 blocks
==22889== Rerun with --leak-check=full to see details of leaked memory
==22889== 
==22889== For counts of detected and suppressed errors, rerun with: -v
==22889== ERROR SUMMARY: 0 errors from 0 contexts (suppressed: 6 from 6)
